[3.511s] Invoking command in '/home/dd3xp/sl/build/wheels': PYTHONPATH=/home/dd3xp/sl/build/wheels/prefix_override:/usr/lib/python3/dist-packages/colcon_core/task/python/colcon_distutils_commands:/home/dd3xp/sl/install/wheels/lib/python3.10/site-packages:${PYTHONPATH} /usr/bin/python3 -W ignore:setup.py install is deprecated -W ignore:easy_install command is deprecated setup.py develop --editable --build-directory /home/dd3xp/sl/build/wheels/build --no-deps symlink_data
[5.424s] running develop
[7.096s] running egg_info
[7.096s] creating wheels.egg-info
[7.099s] writing wheels.egg-info/PKG-INFO
[7.103s] writing dependency_links to wheels.egg-info/dependency_links.txt
[7.106s] writing entry points to wheels.egg-info/entry_points.txt
[7.109s] writing requirements to wheels.egg-info/requires.txt
[7.111s] writing top-level names to wheels.egg-info/top_level.txt
[7.115s] writing manifest file 'wheels.egg-info/SOURCES.txt'
[7.128s] reading manifest file 'wheels.egg-info/SOURCES.txt'
[7.132s] writing manifest file 'wheels.egg-info/SOURCES.txt'
[7.141s] running build_ext
[7.143s] Creating /home/dd3xp/sl/install/wheels/lib/python3.10/site-packages/wheels.egg-link (link to .)
[7.149s] Installing motor_control script to /home/dd3xp/sl/install/wheels/lib/wheels
[7.154s] 
[7.155s] Installed /home/dd3xp/sl/build/wheels
[7.155s] running symlink_data
[7.156s] creating /home/dd3xp/sl/install/wheels/share/ament_index
[7.157s] creating /home/dd3xp/sl/install/wheels/share/ament_index/resource_index
[7.158s] creating /home/dd3xp/sl/install/wheels/share/ament_index/resource_index/packages
[7.160s] symbolically linking /home/dd3xp/sl/build/wheels/resource/wheels -> /home/dd3xp/sl/install/wheels/share/ament_index/resource_index/packages
[7.162s] symbolically linking /home/dd3xp/sl/build/wheels/package.xml -> /home/dd3xp/sl/install/wheels/share/wheels
[7.376s] Invoked command in '/home/dd3xp/sl/build/wheels' returned '0': PYTHONPATH=/home/dd3xp/sl/build/wheels/prefix_override:/usr/lib/python3/dist-packages/colcon_core/task/python/colcon_distutils_commands:/home/dd3xp/sl/install/wheels/lib/python3.10/site-packages:${PYTHONPATH} /usr/bin/python3 -W ignore:setup.py install is deprecated -W ignore:easy_install command is deprecated setup.py develop --editable --build-directory /home/dd3xp/sl/build/wheels/build --no-deps symlink_data
