[0.624s] DEBUG:colcon:Command line arguments: ['/usr/bin/colcon', 'build', '--symlink-install']
[0.625s] DEBUG:colcon:Parsed command line arguments: Namespace(log_base=None, log_level=None, verb_name='build', build_base='build', install_base='install', merge_install=False, symlink_install=True, test_result_base=None, continue_on_error=False, executor='parallel', parallel_workers=4, event_handlers=None, ignore_user_meta=False, metas=['./colcon.meta'], base_paths=['.'], packages_ignore=None, packages_ignore_regex=None, paths=None, packages_up_to=None, packages_up_to_regex=None, packages_above=None, packages_above_and_dependencies=None, packages_above_depth=None, packages_select_by_dep=None, packages_skip_by_dep=None, packages_skip_up_to=None, packages_select_build_failed=False, packages_skip_build_finished=False, packages_select_test_failures=False, packages_skip_test_passed=False, packages_select=None, packages_skip=None, packages_select_regex=None, packages_skip_regex=None, packages_start=None, packages_end=None, allow_overriding=[], cmake_args=None, cmake_target=None, cmake_target_skip_unavailable=False, cmake_clean_cache=False, cmake_clean_first=False, cmake_force_configure=False, ament_cmake_args=None, catkin_cmake_args=None, catkin_skip_building_tests=False, mixin_files=None, mixin=None, verb_parser=<colcon_mixin.mixin.mixin_argument.MixinArgumentDecorator object at 0xffff7f8cd5d0>, verb_extension=<colcon_core.verb.build.BuildVerb object at 0xffff7fa52560>, main=<bound method BuildVerb.main of <colcon_core.verb.build.BuildVerb object at 0xffff7fa52560>>, mixin_verb=('build',))
[1.916s] Level 1:colcon.colcon_core.package_discovery:discover_packages(colcon_meta) check parameters
[1.916s] Level 1:colcon.colcon_core.package_discovery:discover_packages(recursive) check parameters
[1.916s] Level 1:colcon.colcon_core.package_discovery:discover_packages(ignore) check parameters
[1.917s] Level 1:colcon.colcon_core.package_discovery:discover_packages(path) check parameters
[1.917s] Level 1:colcon.colcon_core.package_discovery:discover_packages(colcon_meta) discover
[1.917s] Level 1:colcon.colcon_core.package_discovery:discover_packages(recursive) discover
[1.917s] INFO:colcon.colcon_core.package_discovery:Crawling recursively for packages in '/home/dd3xp/sl'
[1.918s] Level 1:colcon.colcon_core.package_identification:_identify(.) by extensions ['ignore', 'ignore_ament_install']
[1.918s] Level 1:colcon.colcon_core.package_identification:_identify(.) by extension 'ignore'
[1.919s] Level 1:colcon.colcon_core.package_identification:_identify(.) by extension 'ignore_ament_install'
[1.919s] Level 1:colcon.colcon_core.package_identification:_identify(.) by extensions ['colcon_pkg']
[1.919s] Level 1:colcon.colcon_core.package_identification:_identify(.) by extension 'colcon_pkg'
[1.920s] Level 1:colcon.colcon_core.package_identification:_identify(.) by extensions ['colcon_meta']
[1.920s] Level 1:colcon.colcon_core.package_identification:_identify(.) by extension 'colcon_meta'
[1.920s] Level 1:colcon.colcon_core.package_identification:_identify(.) by extensions ['ros']
[1.921s] Level 1:colcon.colcon_core.package_identification:_identify(.) by extension 'ros'
[1.974s] Level 1:colcon.colcon_core.package_identification:_identify(.) by extensions ['cmake', 'python']
[1.974s] Level 1:colcon.colcon_core.package_identification:_identify(.) by extension 'cmake'
[1.974s] Level 1:colcon.colcon_core.package_identification:_identify(.) by extension 'python'
[1.975s] Level 1:colcon.colcon_core.package_identification:_identify(.) by extensions ['python_setup_py']
[1.975s] Level 1:colcon.colcon_core.package_identification:_identify(.) by extension 'python_setup_py'
[1.975s] Level 1:colcon.colcon_core.package_identification:_identify(build) by extensions ['ignore', 'ignore_ament_install']
[1.976s] Level 1:colcon.colcon_core.package_identification:_identify(build) by extension 'ignore'
[1.976s] Level 1:colcon.colcon_core.package_identification:_identify(build) ignored
[1.977s] Level 1:colcon.colcon_core.package_identification:_identify(install) by extensions ['ignore', 'ignore_ament_install']
[1.978s] Level 1:colcon.colcon_core.package_identification:_identify(install) by extension 'ignore'
[1.978s] Level 1:colcon.colcon_core.package_identification:_identify(install) ignored
[1.979s] Level 1:colcon.colcon_core.package_identification:_identify(log) by extensions ['ignore', 'ignore_ament_install']
[1.979s] Level 1:colcon.colcon_core.package_identification:_identify(log) by extension 'ignore'
[1.979s] Level 1:colcon.colcon_core.package_identification:_identify(log) ignored
[1.980s] Level 1:colcon.colcon_core.package_identification:_identify(src) by extensions ['ignore', 'ignore_ament_install']
[1.981s] Level 1:colcon.colcon_core.package_identification:_identify(src) by extension 'ignore'
[1.981s] Level 1:colcon.colcon_core.package_identification:_identify(src) by extension 'ignore_ament_install'
[1.981s] Level 1:colcon.colcon_core.package_identification:_identify(src) by extensions ['colcon_pkg']
[1.982s] Level 1:colcon.colcon_core.package_identification:_identify(src) by extension 'colcon_pkg'
[1.982s] Level 1:colcon.colcon_core.package_identification:_identify(src) by extensions ['colcon_meta']
[1.982s] Level 1:colcon.colcon_core.package_identification:_identify(src) by extension 'colcon_meta'
[1.982s] Level 1:colcon.colcon_core.package_identification:_identify(src) by extensions ['ros']
[1.983s] Level 1:colcon.colcon_core.package_identification:_identify(src) by extension 'ros'
[1.983s] Level 1:colcon.colcon_core.package_identification:_identify(src) by extensions ['cmake', 'python']
[1.983s] Level 1:colcon.colcon_core.package_identification:_identify(src) by extension 'cmake'
[1.984s] Level 1:colcon.colcon_core.package_identification:_identify(src) by extension 'python'
[1.984s] Level 1:colcon.colcon_core.package_identification:_identify(src) by extensions ['python_setup_py']
[1.984s] Level 1:colcon.colcon_core.package_identification:_identify(src) by extension 'python_setup_py'
[1.985s] Level 1:colcon.colcon_core.package_identification:_identify(src/wheels) by extensions ['ignore', 'ignore_ament_install']
[1.986s] Level 1:colcon.colcon_core.package_identification:_identify(src/wheels) by extension 'ignore'
[1.986s] Level 1:colcon.colcon_core.package_identification:_identify(src/wheels) by extension 'ignore_ament_install'
[1.986s] Level 1:colcon.colcon_core.package_identification:_identify(src/wheels) by extensions ['colcon_pkg']
[1.987s] Level 1:colcon.colcon_core.package_identification:_identify(src/wheels) by extension 'colcon_pkg'
[1.987s] Level 1:colcon.colcon_core.package_identification:_identify(src/wheels) by extensions ['colcon_meta']
[1.987s] Level 1:colcon.colcon_core.package_identification:_identify(src/wheels) by extension 'colcon_meta'
[1.987s] Level 1:colcon.colcon_core.package_identification:_identify(src/wheels) by extensions ['ros']
[1.988s] Level 1:colcon.colcon_core.package_identification:_identify(src/wheels) by extension 'ros'
[2.003s] DEBUG:colcon.colcon_core.package_identification:Package 'src/wheels' with type 'ros.ament_python' and name 'wheels'
[2.003s] Level 1:colcon.colcon_core.package_discovery:discover_packages(recursive) using defaults
[2.003s] Level 1:colcon.colcon_core.package_discovery:discover_packages(ignore) discover
[2.003s] Level 1:colcon.colcon_core.package_discovery:discover_packages(ignore) using defaults
[2.003s] Level 1:colcon.colcon_core.package_discovery:discover_packages(path) discover
[2.004s] Level 1:colcon.colcon_core.package_discovery:discover_packages(path) using defaults
[2.163s] Level 1:colcon.colcon_core.package_discovery:discover_packages(prefix_path) check parameters
[2.164s] Level 1:colcon.colcon_core.package_discovery:discover_packages(prefix_path) discover
[2.184s] DEBUG:colcon.colcon_installed_package_information.package_discovery:Found 271 installed packages in /opt/ros/humble
[2.190s] Level 1:colcon.colcon_core.package_discovery:discover_packages(prefix_path) using defaults
[2.359s] Level 5:colcon.colcon_core.verb:set package 'wheels' build argument 'cmake_args' from command line to 'None'
[2.359s] Level 5:colcon.colcon_core.verb:set package 'wheels' build argument 'cmake_target' from command line to 'None'
[2.359s] Level 5:colcon.colcon_core.verb:set package 'wheels' build argument 'cmake_target_skip_unavailable' from command line to 'False'
[2.360s] Level 5:colcon.colcon_core.verb:set package 'wheels' build argument 'cmake_clean_cache' from command line to 'False'
[2.360s] Level 5:colcon.colcon_core.verb:set package 'wheels' build argument 'cmake_clean_first' from command line to 'False'
[2.360s] Level 5:colcon.colcon_core.verb:set package 'wheels' build argument 'cmake_force_configure' from command line to 'False'
[2.360s] Level 5:colcon.colcon_core.verb:set package 'wheels' build argument 'ament_cmake_args' from command line to 'None'
[2.360s] Level 5:colcon.colcon_core.verb:set package 'wheels' build argument 'catkin_cmake_args' from command line to 'None'
[2.360s] Level 5:colcon.colcon_core.verb:set package 'wheels' build argument 'catkin_skip_building_tests' from command line to 'False'
[2.360s] DEBUG:colcon.colcon_core.verb:Building package 'wheels' with the following arguments: {'ament_cmake_args': None, 'build_base': '/home/dd3xp/sl/build/wheels', 'catkin_cmake_args': None, 'catkin_skip_building_tests': False, 'cmake_args': None, 'cmake_clean_cache': False, 'cmake_clean_first': False, 'cmake_force_configure': False, 'cmake_target': None, 'cmake_target_skip_unavailable': False, 'install_base': '/home/dd3xp/sl/install/wheels', 'merge_install': False, 'path': '/home/dd3xp/sl/src/wheels', 'symlink_install': True, 'test_result_base': None}
[2.361s] INFO:colcon.colcon_core.executor:Executing jobs using 'parallel' executor
[2.364s] DEBUG:colcon.colcon_parallel_executor.executor.parallel:run_until_complete
[2.365s] INFO:colcon.colcon_ros.task.ament_python.build:Building ROS package in '/home/dd3xp/sl/src/wheels' with build type 'ament_python'
[2.365s] Level 1:colcon.colcon_core.shell:create_environment_hook('wheels', 'ament_prefix_path')
[2.382s] INFO:colcon.colcon_core.plugin_system:Skipping extension 'colcon_core.shell.bat': Not used on non-Windows systems
[2.383s] INFO:colcon.colcon_core.shell:Creating environment hook '/home/dd3xp/sl/install/wheels/share/wheels/hook/ament_prefix_path.ps1'
[2.387s] INFO:colcon.colcon_core.shell:Creating environment descriptor '/home/dd3xp/sl/install/wheels/share/wheels/hook/ament_prefix_path.dsv'
[2.390s] INFO:colcon.colcon_core.shell:Creating environment hook '/home/dd3xp/sl/install/wheels/share/wheels/hook/ament_prefix_path.sh'
[2.395s] INFO:colcon.colcon_core.shell:Skip shell extension 'powershell' for command environment: Not usable outside of PowerShell
[2.395s] DEBUG:colcon.colcon_core.shell:Skip shell extension 'dsv' for command environment
[3.663s] INFO:colcon.colcon_core.task.python.build:Building Python package in '/home/dd3xp/sl/src/wheels'
[3.664s] INFO:colcon.colcon_core.shell:Skip shell extension 'powershell' for command environment: Not usable outside of PowerShell
[3.664s] DEBUG:colcon.colcon_core.shell:Skip shell extension 'dsv' for command environment
[5.879s] DEBUG:colcon.colcon_core.event_handler.log_command:Invoking command in '/home/dd3xp/sl/build/wheels': PYTHONPATH=/home/dd3xp/sl/build/wheels/prefix_override:/usr/lib/python3/dist-packages/colcon_core/task/python/colcon_distutils_commands:/home/dd3xp/sl/install/wheels/lib/python3.10/site-packages:${PYTHONPATH} /usr/bin/python3 -W ignore:setup.py install is deprecated -W ignore:easy_install command is deprecated setup.py develop --editable --build-directory /home/dd3xp/sl/build/wheels/build --no-deps symlink_data
[9.738s] Level 1:colcon.colcon_core.shell:create_environment_hook('wheels', 'pythonpath_develop')
[9.740s] INFO:colcon.colcon_core.shell:Creating environment hook '/home/dd3xp/sl/build/wheels/share/wheels/hook/pythonpath_develop.ps1'
[9.743s] DEBUG:colcon.colcon_core.event_handler.log_command:Invoked command in '/home/dd3xp/sl/build/wheels' returned '0': PYTHONPATH=/home/dd3xp/sl/build/wheels/prefix_override:/usr/lib/python3/dist-packages/colcon_core/task/python/colcon_distutils_commands:/home/dd3xp/sl/install/wheels/lib/python3.10/site-packages:${PYTHONPATH} /usr/bin/python3 -W ignore:setup.py install is deprecated -W ignore:easy_install command is deprecated setup.py develop --editable --build-directory /home/dd3xp/sl/build/wheels/build --no-deps symlink_data
[9.752s] INFO:colcon.colcon_core.shell:Creating environment descriptor '/home/dd3xp/sl/build/wheels/share/wheels/hook/pythonpath_develop.dsv'
[9.760s] INFO:colcon.colcon_core.shell:Creating environment hook '/home/dd3xp/sl/build/wheels/share/wheels/hook/pythonpath_develop.sh'
[9.789s] Level 1:colcon.colcon_core.environment:checking '/home/dd3xp/sl/install/wheels' for CMake module files
[9.792s] Level 1:colcon.colcon_core.environment:checking '/home/dd3xp/sl/install/wheels' for CMake config files
[9.795s] Level 1:colcon.colcon_core.environment:checking '/home/dd3xp/sl/install/wheels/lib'
[9.796s] Level 1:colcon.colcon_core.environment:checking '/home/dd3xp/sl/install/wheels/bin'
[9.797s] Level 1:colcon.colcon_core.environment:checking '/home/dd3xp/sl/install/wheels/lib/pkgconfig/wheels.pc'
[9.798s] Level 1:colcon.colcon_core.environment:checking '/home/dd3xp/sl/install/wheels/lib/python3.10/site-packages'
[9.799s] Level 1:colcon.colcon_core.shell:create_environment_hook('wheels', 'pythonpath')
[9.800s] INFO:colcon.colcon_core.shell:Creating environment hook '/home/dd3xp/sl/install/wheels/share/wheels/hook/pythonpath.ps1'
[9.802s] INFO:colcon.colcon_core.shell:Creating environment descriptor '/home/dd3xp/sl/install/wheels/share/wheels/hook/pythonpath.dsv'
[9.804s] INFO:colcon.colcon_core.shell:Creating environment hook '/home/dd3xp/sl/install/wheels/share/wheels/hook/pythonpath.sh'
[9.809s] Level 1:colcon.colcon_core.environment:checking '/home/dd3xp/sl/install/wheels/bin'
[9.809s] Level 1:colcon.colcon_core.environment:create_environment_scripts_only(wheels)
[9.811s] INFO:colcon.colcon_core.shell:Creating package script '/home/dd3xp/sl/install/wheels/share/wheels/package.ps1'
[9.817s] INFO:colcon.colcon_core.shell:Creating package descriptor '/home/dd3xp/sl/install/wheels/share/wheels/package.dsv'
[9.825s] INFO:colcon.colcon_core.shell:Creating package script '/home/dd3xp/sl/install/wheels/share/wheels/package.sh'
[9.831s] INFO:colcon.colcon_core.shell:Creating package script '/home/dd3xp/sl/install/wheels/share/wheels/package.bash'
[9.836s] INFO:colcon.colcon_core.shell:Creating package script '/home/dd3xp/sl/install/wheels/share/wheels/package.zsh'
[9.841s] Level 1:colcon.colcon_core.environment:create_file_with_runtime_dependencies(/home/dd3xp/sl/install/wheels/share/colcon-core/packages/wheels)
[9.845s] DEBUG:colcon.colcon_parallel_executor.executor.parallel:closing loop
[9.846s] DEBUG:colcon.colcon_parallel_executor.executor.parallel:loop closed
[9.846s] DEBUG:colcon.colcon_parallel_executor.executor.parallel:run_until_complete finished with '0'
[9.847s] DEBUG:colcon.colcon_core.event_reactor:joining thread
[9.877s] INFO:colcon.colcon_core.plugin_system:Skipping extension 'colcon_notification.desktop_notification.notify_send': Could not find 'notify-send'
[9.877s] INFO:colcon.colcon_core.plugin_system:Skipping extension 'colcon_notification.desktop_notification.terminal_notifier': Not used on non-Darwin systems
[9.878s] INFO:colcon.colcon_core.plugin_system:Skipping extension 'colcon_notification.desktop_notification.win32': Not used on non-Windows systems
[9.878s] INFO:colcon.colcon_notification.desktop_notification:Sending desktop notification using 'notify2'
[9.931s] DEBUG:colcon.colcon_notification.desktop_notification.notify2:Failed to initialize notify2: org.freedesktop.DBus.Error.ServiceUnknown: The name org.freedesktop.Notifications was not provided by any .service files
[9.932s] DEBUG:colcon.colcon_core.event_reactor:joined thread
[9.934s] INFO:colcon.colcon_core.shell:Creating prefix script '/home/dd3xp/sl/install/local_setup.ps1'
[9.942s] INFO:colcon.colcon_core.shell:Creating prefix util module '/home/dd3xp/sl/install/_local_setup_util_ps1.py'
[9.951s] INFO:colcon.colcon_core.shell:Creating prefix chain script '/home/dd3xp/sl/install/setup.ps1'
[9.959s] INFO:colcon.colcon_core.shell:Creating prefix script '/home/dd3xp/sl/install/local_setup.sh'
[9.964s] INFO:colcon.colcon_core.shell:Creating prefix util module '/home/dd3xp/sl/install/_local_setup_util_sh.py'
[9.968s] INFO:colcon.colcon_core.shell:Creating prefix chain script '/home/dd3xp/sl/install/setup.sh'
[9.979s] INFO:colcon.colcon_core.shell:Creating prefix script '/home/dd3xp/sl/install/local_setup.bash'
[9.985s] INFO:colcon.colcon_core.shell:Creating prefix chain script '/home/dd3xp/sl/install/setup.bash'
[9.994s] INFO:colcon.colcon_core.shell:Creating prefix script '/home/dd3xp/sl/install/local_setup.zsh'
[10.002s] INFO:colcon.colcon_core.shell:Creating prefix chain script '/home/dd3xp/sl/install/setup.zsh'
